This is pdfTeX, Version 3.141592653-2.6-1.40.24 (TeX Live 2022) (preloaded format=pdflatex 2022.9.12)  12 SEP 2022 15:14
entering extended mode
 restricted \write18 enabled.
 %&-line parsing enabled.
**manuscript.tex
(./manuscript.tex
LaTeX2e <2022-06-01> patch level 5
L3 programming layer <2022-08-30> (./elsarticle.cls
Document Class: elsarticle 2020/11/20, 3.3: Elsevier Ltd
(/Users/ree140/Library/TinyTeX/texmf-dist/tex/latex/l3kernel/expl3.sty
Package: expl3 2022-08-30 L3 programming layer (loader) 
(/Users/ree140/Library/TinyTeX/texmf-dist/tex/latex/l3backend/l3backend-pdftex.def
File: l3backend-pdftex.def 2022-08-30 L3 backend support: PDF output (pdfTeX)
\l__color_backend_stack_int=\count185
\l__pdf_internal_box=\box51
)) (/Users/ree140/Library/TinyTeX/texmf-dist/tex/latex/l3packages/xparse/xparse.sty
Package: xparse 2022-06-22 L3 Experimental document command parser
) (/Users/ree140/Library/TinyTeX/texmf-dist/tex/latex/etoolbox/etoolbox.sty
Package: etoolbox 2020/10/05 v2.5k e-TeX tools for LaTeX (JAW)
\etb@tempcnta=\count186
)
\@bls=\dimen138
(/Users/ree140/Library/TinyTeX/texmf-dist/tex/latex/base/article.cls
Document Class: article 2021/10/04 v1.4n Standard LaTeX document class
(/Users/ree140/Library/TinyTeX/texmf-dist/tex/latex/base/size10.clo
File: size10.clo 2021/10/04 v1.4n Standard LaTeX file (size option)
)
\c@part=\count187
\c@section=\count188
\c@subsection=\count189
\c@subsubsection=\count190
\c@paragraph=\count191
\c@subparagraph=\count192
\c@figure=\count193
\c@table=\count194
\abovecaptionskip=\skip47
\belowcaptionskip=\skip48
\bibindent=\dimen139
) (/Users/ree140/Library/TinyTeX/texmf-dist/tex/latex/graphics/graphicx.sty
Package: graphicx 2021/09/16 v1.2d Enhanced LaTeX Graphics (DPC,SPQR)
(/Users/ree140/Library/TinyTeX/texmf-dist/tex/latex/graphics/keyval.sty
Package: keyval 2022/05/29 v1.15 key=value parser (DPC)
\KV@toks@=\toks16
) (/Users/ree140/Library/TinyTeX/texmf-dist/tex/latex/graphics/graphics.sty
Package: graphics 2022/03/10 v1.4e Standard LaTeX Graphics (DPC,SPQR)
(/Users/ree140/Library/TinyTeX/texmf-dist/tex/latex/graphics/trig.sty
Package: trig 2021/08/11 v1.11 sin cos tan (DPC)
) (/Users/ree140/Library/TinyTeX/texmf-dist/tex/latex/graphics-cfg/graphics.cfg
File: graphics.cfg 2016/06/04 v1.11 sample graphics configuration
)
Package graphics Info: Driver file: pdftex.def on input line 107.
(/Users/ree140/Library/TinyTeX/texmf-dist/tex/latex/graphics-def/pdftex.def
File: pdftex.def 2020/10/05 v1.2a Graphics/color driver for pdftex
))
\Gin@req@height=\dimen140
\Gin@req@width=\dimen141
)
\c@tnote=\count195
\c@fnote=\count196
\c@cnote=\count197
\c@ead=\count198
\c@author=\count199
\@eadauthor=\toks17
\c@affn=\count266
\absbox=\box52
\elsarticlehighlightsbox=\box53
\elsarticlegrabsbox=\box54
\keybox=\box55
\Columnwidth=\dimen142
\space@left=\dimen143
\els@boxa=\box56
\els@boxb=\box57
\leftMargin=\dimen144
\@enLab=\toks18
\@sep=\skip49
\@@sep=\skip50
(./manuscript.spl) (/Users/ree140/Library/TinyTeX/texmf-dist/tex/latex/natbib/natbib.sty
Package: natbib 2010/09/13 8.31b (PWD, AO)
\bibhang=\skip51
\bibsep=\skip52
LaTeX Info: Redefining \cite on input line 694.
\c@NAT@ctr=\count267
)
\splwrite=\write3
\openout3 = `manuscript.spl'.

(/Users/ree140/Library/TinyTeX/texmf-dist/tex/latex/geometry/geometry.sty
Package: geometry 2020/01/02 v5.9 Page Geometry
(/Users/ree140/Library/TinyTeX/texmf-dist/tex/generic/iftex/ifvtex.sty
Package: ifvtex 2019/10/25 v1.7 ifvtex legacy package. Use iftex instead.
(/Users/ree140/Library/TinyTeX/texmf-dist/tex/generic/iftex/iftex.sty
Package: iftex 2022/02/03 v1.0f TeX engine tests
))
\Gm@cnth=\count268
\Gm@cntv=\count269
\c@Gm@tempcnt=\count270
\Gm@bindingoffset=\dimen145
\Gm@wd@mp=\dimen146
\Gm@odd@mp=\dimen147
\Gm@even@mp=\dimen148
\Gm@layoutwidth=\dimen149
\Gm@layoutheight=\dimen150
\Gm@layouthoffset=\dimen151
\Gm@layoutvoffset=\dimen152
\Gm@dimlist=\toks19
)
\appnamewidth=\dimen153
) (/Users/ree140/Library/TinyTeX/texmf-dist/tex/latex/url/url.sty
\Urlmuskip=\muskip16
Package: url 2013/09/16  ver 3.4  Verb mode for urls, etc.
) (/Users/ree140/Library/TinyTeX/texmf-dist/tex/latex/lineno/lineno.sty
Package: lineno 2005/11/02 line numbers on paragraphs v4.41
\linenopenalty=\count271
\output=\toks20
\linenoprevgraf=\count272
\linenumbersep=\dimen154
\linenumberwidth=\dimen155
\c@linenumber=\count273
\c@pagewiselinenumber=\count274
\c@LN@truepage=\count275
\c@internallinenumber=\count276
\c@internallinenumbers=\count277
\quotelinenumbersep=\dimen156
\bframerule=\dimen157
\bframesep=\dimen158
\bframebox=\box58
LaTeX Info: Redefining \\ on input line 3056.
) (/Users/ree140/Library/TinyTeX/texmf-dist/tex/latex/base/fontenc.sty
Package: fontenc 2021/04/29 v2.0v Standard LaTeX package
) (/Users/ree140/Library/TinyTeX/texmf-dist/tex/latex/lm/lmodern.sty
Package: lmodern 2015/05/01 v1.6.1 Latin Modern Fonts
LaTeX Font Info:    Overwriting symbol font `operators' in version `normal'
(Font)                  OT1/cmr/m/n --> OT1/lmr/m/n on input line 22.
LaTeX Font Info:    Overwriting symbol font `letters' in version `normal'
(Font)                  OML/cmm/m/it --> OML/lmm/m/it on input line 23.
LaTeX Font Info:    Overwriting symbol font `symbols' in version `normal'
(Font)                  OMS/cmsy/m/n --> OMS/lmsy/m/n on input line 24.
LaTeX Font Info:    Overwriting symbol font `largesymbols' in version `normal'
(Font)                  OMX/cmex/m/n --> OMX/lmex/m/n on input line 25.
LaTeX Font Info:    Overwriting symbol font `operators' in version `bold'
(Font)                  OT1/cmr/bx/n --> OT1/lmr/bx/n on input line 26.
LaTeX Font Info:    Overwriting symbol font `letters' in version `bold'
(Font)                  OML/cmm/b/it --> OML/lmm/b/it on input line 27.
LaTeX Font Info:    Overwriting symbol font `symbols' in version `bold'
(Font)                  OMS/cmsy/b/n --> OMS/lmsy/b/n on input line 28.
LaTeX Font Info:    Overwriting symbol font `largesymbols' in version `bold'
(Font)                  OMX/cmex/m/n --> OMX/lmex/m/n on input line 29.
LaTeX Font Info:    Overwriting math alphabet `\mathbf' in version `normal'
(Font)                  OT1/cmr/bx/n --> OT1/lmr/bx/n on input line 31.
LaTeX Font Info:    Overwriting math alphabet `\mathsf' in version `normal'
(Font)                  OT1/cmss/m/n --> OT1/lmss/m/n on input line 32.
LaTeX Font Info:    Overwriting math alphabet `\mathit' in version `normal'
(Font)                  OT1/cmr/m/it --> OT1/lmr/m/it on input line 33.
LaTeX Font Info:    Overwriting math alphabet `\mathtt' in version `normal'
(Font)                  OT1/cmtt/m/n --> OT1/lmtt/m/n on input line 34.
LaTeX Font Info:    Overwriting math alphabet `\mathbf' in version `bold'
(Font)                  OT1/cmr/bx/n --> OT1/lmr/bx/n on input line 35.
LaTeX Font Info:    Overwriting math alphabet `\mathsf' in version `bold'
(Font)                  OT1/cmss/bx/n --> OT1/lmss/bx/n on input line 36.
LaTeX Font Info:    Overwriting math alphabet `\mathit' in version `bold'
(Font)                  OT1/cmr/bx/it --> OT1/lmr/bx/it on input line 37.
LaTeX Font Info:    Overwriting math alphabet `\mathtt' in version `bold'
(Font)                  OT1/cmtt/m/n --> OT1/lmtt/m/n on input line 38.
) (/Users/ree140/Library/TinyTeX/texmf-dist/tex/latex/amsfonts/amssymb.sty
Package: amssymb 2013/01/14 v3.01 AMS font symbols
(/Users/ree140/Library/TinyTeX/texmf-dist/tex/latex/amsfonts/amsfonts.sty
Package: amsfonts 2013/01/14 v3.01 Basic AMSFonts support
\@emptytoks=\toks21
\symAMSa=\mathgroup4
\symAMSb=\mathgroup5
LaTeX Font Info:    Redeclaring math symbol \hbar on input line 98.
LaTeX Font Info:    Overwriting math alphabet `\mathfrak' in version `bold'
(Font)                  U/euf/m/n --> U/euf/b/n on input line 106.
)) (/Users/ree140/Library/TinyTeX/texmf-dist/tex/latex/amsmath/amsmath.sty
Package: amsmath 2022/04/08 v2.17n AMS math features
\@mathmargin=\skip53
For additional information on amsmath, use the `?' option.
(/Users/ree140/Library/TinyTeX/texmf-dist/tex/latex/amsmath/amstext.sty
Package: amstext 2021/08/26 v2.01 AMS text
(/Users/ree140/Library/TinyTeX/texmf-dist/tex/latex/amsmath/amsgen.sty
File: amsgen.sty 1999/11/30 v2.0 generic functions
\@emptytoks=\toks22
\ex@=\dimen159
)) (/Users/ree140/Library/TinyTeX/texmf-dist/tex/latex/amsmath/amsbsy.sty
Package: amsbsy 1999/11/29 v1.2d Bold Symbols
\pmbraise@=\dimen160
) (/Users/ree140/Library/TinyTeX/texmf-dist/tex/latex/amsmath/amsopn.sty
Package: amsopn 2022/04/08 v2.04 operator names
)
\inf@bad=\count278
LaTeX Info: Redefining \frac on input line 234.
\uproot@=\count279
\leftroot@=\count280
LaTeX Info: Redefining \overline on input line 399.
LaTeX Info: Redefining \colon on input line 410.
\classnum@=\count281
\DOTSCASE@=\count282
LaTeX Info: Redefining \ldots on input line 496.
LaTeX Info: Redefining \dots on input line 499.
LaTeX Info: Redefining \cdots on input line 620.
\Mathstrutbox@=\box59
\strutbox@=\box60
LaTeX Info: Redefining \big on input line 722.
LaTeX Info: Redefining \Big on input line 723.
LaTeX Info: Redefining \bigg on input line 724.
LaTeX Info: Redefining \Bigg on input line 725.
\big@size=\dimen161
LaTeX Font Info:    Redeclaring font encoding OML on input line 743.
LaTeX Font Info:    Redeclaring font encoding OMS on input line 744.
\macc@depth=\count283
LaTeX Info: Redefining \bmod on input line 905.
LaTeX Info: Redefining \pmod on input line 910.
LaTeX Info: Redefining \smash on input line 940.
LaTeX Info: Redefining \relbar on input line 970.
LaTeX Info: Redefining \Relbar on input line 971.
\c@MaxMatrixCols=\count284
\dotsspace@=\muskip17
\c@parentequation=\count285
\dspbrk@lvl=\count286
\tag@help=\toks23
\row@=\count287
\column@=\count288
\maxfields@=\count289
\andhelp@=\toks24
\eqnshift@=\dimen162
\alignsep@=\dimen163
\tagshift@=\dimen164
\tagwidth@=\dimen165
\totwidth@=\dimen166
\lineht@=\dimen167
\@envbody=\toks25
\multlinegap=\skip54
\multlinetaggap=\skip55
\mathdisplay@stack=\toks26
LaTeX Info: Redefining \[ on input line 2953.
LaTeX Info: Redefining \] on input line 2954.
) (/Users/ree140/Library/TinyTeX/texmf-dist/tex/generic/iftex/ifxetex.sty
Package: ifxetex 2019/10/25 v0.7 ifxetex legacy package. Use iftex instead.
) (/Users/ree140/Library/TinyTeX/texmf-dist/tex/generic/iftex/ifluatex.sty
Package: ifluatex 2019/10/25 v1.5 ifluatex legacy package. Use iftex instead.
) (/Users/ree140/Library/TinyTeX/texmf-dist/tex/latex/base/fixltx2e.sty
Package: fixltx2e 2016/12/29 v2.1a fixes to LaTeX (obsolete)
Applying: [2015/01/01] Old fixltx2e package on input line 46.

Package fixltx2e Warning: fixltx2e is not required with releases after 2015
(fixltx2e)                All fixes are now in the LaTeX kernel.
(fixltx2e)                See the latexrelease package for details.

Already applied: [0000/00/00] Old fixltx2e package on input line 53.
) (/Users/ree140/Library/TinyTeX/texmf-dist/tex/latex/base/inputenc.sty
Package: inputenc 2021/02/14 v1.3d Input encoding file
\inpenc@prehook=\toks27
\inpenc@posthook=\toks28
) (/Users/ree140/Library/TinyTeX/texmf-dist/tex/latex/microtype/microtype.sty
Package: microtype 2022/06/23 v3.0f Micro-typographical refinements (RS)
\MT@toks=\toks29
\MT@tempbox=\box61
\MT@count=\count290
LaTeX Info: Redefining \noprotrusionifhmode on input line 1045.
LaTeX Info: Redefining \leftprotrusion on input line 1046.
LaTeX Info: Redefining \rightprotrusion on input line 1056.
LaTeX Info: Redefining \textls on input line 1234.
\MT@outer@kern=\dimen168
LaTeX Info: Redefining \textmicrotypecontext on input line 1858.
\MT@listname@count=\count291
(/Users/ree140/Library/TinyTeX/texmf-dist/tex/latex/microtype/microtype-pdftex.def
File: microtype-pdftex.def 2022/06/23 v3.0f Definitions specific to pdftex (RS)
LaTeX Info: Redefining \lsstyle on input line 900.
LaTeX Info: Redefining \lslig on input line 900.
\MT@outer@space=\skip56
)
Package microtype Info: Loading configuration file microtype.cfg.
(/Users/ree140/Library/TinyTeX/texmf-dist/tex/latex/microtype/microtype.cfg
File: microtype.cfg 2022/06/23 v3.0f microtype main configuration file (RS)
)) (/Users/ree140/Library/TinyTeX/texmf-dist/tex/latex/hyperref/hyperref.sty
Package: hyperref 2022-06-20 v7.00s Hypertext links for LaTeX
(/Users/ree140/Library/TinyTeX/texmf-dist/tex/generic/ltxcmds/ltxcmds.sty
Package: ltxcmds 2020-05-10 v1.25 LaTeX kernel commands for general use (HO)
) (/Users/ree140/Library/TinyTeX/texmf-dist/tex/generic/pdftexcmds/pdftexcmds.sty
Package: pdftexcmds 2020-06-27 v0.33 Utility functions of pdfTeX for LuaTeX (HO)
(/Users/ree140/Library/TinyTeX/texmf-dist/tex/generic/infwarerr/infwarerr.sty
Package: infwarerr 2019/12/03 v1.5 Providing info/warning/error messages (HO)
)
Package pdftexcmds Info: \pdf@primitive is available.
Package pdftexcmds Info: \pdf@ifprimitive is available.
Package pdftexcmds Info: \pdfdraftmode found.
) (/Users/ree140/Library/TinyTeX/texmf-dist/tex/generic/kvsetkeys/kvsetkeys.sty
Package: kvsetkeys 2019/12/15 v1.18 Key value parser (HO)
) (/Users/ree140/Library/TinyTeX/texmf-dist/tex/generic/kvdefinekeys/kvdefinekeys.sty
Package: kvdefinekeys 2019-12-19 v1.6 Define keys (HO)
) (/Users/ree140/Library/TinyTeX/texmf-dist/tex/generic/pdfescape/pdfescape.sty
Package: pdfescape 2019/12/09 v1.15 Implements pdfTeX's escape features (HO)
) (/Users/ree140/Library/TinyTeX/texmf-dist/tex/latex/hycolor/hycolor.sty
Package: hycolor 2020-01-27 v1.10 Color options for hyperref/bookmark (HO)
) (/Users/ree140/Library/TinyTeX/texmf-dist/tex/latex/letltxmacro/letltxmacro.sty
Package: letltxmacro 2019/12/03 v1.6 Let assignment for LaTeX macros (HO)
) (/Users/ree140/Library/TinyTeX/texmf-dist/tex/latex/auxhook/auxhook.sty
Package: auxhook 2019-12-17 v1.6 Hooks for auxiliary files (HO)
) (/Users/ree140/Library/TinyTeX/texmf-dist/tex/latex/hyperref/nameref.sty
Package: nameref 2022-05-17 v2.50 Cross-referencing by name of section
(/Users/ree140/Library/TinyTeX/texmf-dist/tex/latex/refcount/refcount.sty
Package: refcount 2019/12/15 v3.6 Data extraction from label references (HO)
) (/Users/ree140/Library/TinyTeX/texmf-dist/tex/generic/gettitlestring/gettitlestring.sty
Package: gettitlestring 2019/12/15 v1.6 Cleanup title references (HO)
(/Users/ree140/Library/TinyTeX/texmf-dist/tex/latex/kvoptions/kvoptions.sty
Package: kvoptions 2022-06-15 v3.15 Key value format for package options (HO)
))
\c@section@level=\count292
)
\@linkdim=\dimen169
\Hy@linkcounter=\count293
\Hy@pagecounter=\count294
(/Users/ree140/Library/TinyTeX/texmf-dist/tex/latex/hyperref/pd1enc.def
File: pd1enc.def 2022-06-20 v7.00s Hyperref: PDFDocEncoding definition (HO)
Now handling font encoding PD1 ...
... no UTF-8 mapping file for font encoding PD1
) (/Users/ree140/Library/TinyTeX/texmf-dist/tex/generic/intcalc/intcalc.sty
Package: intcalc 2019/12/15 v1.3 Expandable calculations with integers (HO)
) (/Users/ree140/Library/TinyTeX/texmf-dist/tex/generic/etexcmds/etexcmds.sty
Package: etexcmds 2019/12/15 v1.7 Avoid name clashes with e-TeX commands (HO)
)
\Hy@SavedSpaceFactor=\count295
(/Users/ree140/Library/TinyTeX/texmf-dist/tex/latex/hyperref/puenc.def
File: puenc.def 2022-06-20 v7.00s Hyperref: PDF Unicode definition (HO)
Now handling font encoding PU ...
... no UTF-8 mapping file for font encoding PU
)
Package hyperref Info: Option `unicode' set `true' on input line 4045.
Package hyperref Info: Hyper figures OFF on input line 4162.
Package hyperref Info: Link nesting OFF on input line 4167.
Package hyperref Info: Hyper index ON on input line 4170.
Package hyperref Info: Plain pages OFF on input line 4177.
Package hyperref Info: Backreferencing OFF on input line 4182.
Package hyperref Info: Implicit mode ON; LaTeX internals redefined.
Package hyperref Info: Bookmarks ON on input line 4408.
\c@Hy@tempcnt=\count296
LaTeX Info: Redefining \url on input line 4746.
\XeTeXLinkMargin=\dimen170
(/Users/ree140/Library/TinyTeX/texmf-dist/tex/generic/bitset/bitset.sty
Package: bitset 2019/12/09 v1.3 Handle bit-vector datatype (HO)
(/Users/ree140/Library/TinyTeX/texmf-dist/tex/generic/bigintcalc/bigintcalc.sty
Package: bigintcalc 2019/12/15 v1.5 Expandable calculations on big integers (HO)
))
\Fld@menulength=\count297
\Field@Width=\dimen171
\Fld@charsize=\dimen172
Package hyperref Info: Hyper figures OFF on input line 6024.
Package hyperref Info: Link nesting OFF on input line 6029.
Package hyperref Info: Hyper index ON on input line 6032.
Package hyperref Info: backreferencing OFF on input line 6039.
Package hyperref Info: Link coloring OFF on input line 6044.
Package hyperref Info: Link coloring with OCG OFF on input line 6049.
Package hyperref Info: PDF/A mode OFF on input line 6054.
(/Users/ree140/Library/TinyTeX/texmf-dist/tex/latex/base/atbegshi-ltx.sty
Package: atbegshi-ltx 2021/01/10 v1.0c Emulation of the original atbegshi
package with kernel methods
)
\Hy@abspage=\count298
\c@Item=\count299
\c@Hfootnote=\count300
)
Package hyperref Info: Driver (autodetected): hpdftex.
(/Users/ree140/Library/TinyTeX/texmf-dist/tex/latex/hyperref/hpdftex.def
File: hpdftex.def 2022-06-20 v7.00s Hyperref driver for pdfTeX
(/Users/ree140/Library/TinyTeX/texmf-dist/tex/latex/base/atveryend-ltx.sty
Package: atveryend-ltx 2020/08/19 v1.0a Emulation of the original atveryend package
with kernel methods
)
\Fld@listcount=\count301
\c@bookmark@seq@number=\count302
(/Users/ree140/Library/TinyTeX/texmf-dist/tex/latex/rerunfilecheck/rerunfilecheck.sty
Package: rerunfilecheck 2022-07-10 v1.10 Rerun checks for auxiliary files (HO)
(/Users/ree140/Library/TinyTeX/texmf-dist/tex/generic/uniquecounter/uniquecounter.sty
Package: uniquecounter 2019/12/15 v1.4 Provide unlimited unique counter (HO)
)
Package uniquecounter Info: New unique counter `rerunfilecheck' on input line 285.
)
\Hy@SectionHShift=\skip57
)
Package hyperref Info: Option `breaklinks' set `true' on input line 48.

Package hyperref Warning: Option `bookmarks' has already been used,
(hyperref)                setting the option has no effect on input line 48.

Package hyperref Info: Option `colorlinks' set `false' on input line 48.
(/Users/ree140/Library/TinyTeX/texmf-dist/tex/latex/tools/longtable.sty
Package: longtable 2021-09-01 v4.17 Multi-page Table package (DPC)
\LTleft=\skip58
\LTright=\skip59
\LTpre=\skip60
\LTpost=\skip61
\LTchunksize=\count303
\LTcapwidth=\dimen173
\LT@head=\box62
\LT@firsthead=\box63
\LT@foot=\box64
\LT@lastfoot=\box65
\LT@gbox=\box66
\LT@cols=\count304
\LT@rows=\count305
\c@LT@tables=\count306
\c@LT@chunks=\count307
\LT@p@ftn=\toks30
) (/Users/ree140/Library/TinyTeX/texmf-dist/tex/latex/booktabs/booktabs.sty
Package: booktabs 2020/01/12 v1.61803398 Publication quality tables
\heavyrulewidth=\dimen174
\lightrulewidth=\dimen175
\cmidrulewidth=\dimen176
\belowrulesep=\dimen177
\belowbottomsep=\dimen178
\aboverulesep=\dimen179
\abovetopsep=\dimen180
\cmidrulesep=\dimen181
\cmidrulekern=\dimen182
\defaultaddspace=\dimen183
\@cmidla=\count308
\@cmidlb=\count309
\@aboverulesep=\dimen184
\@belowrulesep=\dimen185
\@thisruleclass=\count310
\@lastruleclass=\count311
\@thisrulewidth=\dimen186
) (/Users/ree140/Library/TinyTeX/texmf-dist/tex/latex/tools/array.sty
Package: array 2022/03/10 v2.5f Tabular extension package (FMi)
\col@sep=\dimen187
\ar@mcellbox=\box67
\extrarowheight=\dimen188
\NC@list=\toks31
\extratabsurround=\skip62
\backup@length=\skip63
\ar@cellbox=\box68
) (/Users/ree140/Library/TinyTeX/texmf-dist/tex/latex/tools/calc.sty
Package: calc 2017/05/25 v4.3 Infix arithmetic (KKT,FJ)
\calc@Acount=\count312
\calc@Bcount=\count313
\calc@Adimen=\dimen189
\calc@Bdimen=\dimen190
\calc@Askip=\skip64
\calc@Bskip=\skip65
LaTeX Info: Redefining \setlength on input line 80.
LaTeX Info: Redefining \addtolength on input line 81.
\calc@Ccount=\count314
\calc@Cskip=\skip66
) (/Users/ree140/Library/TinyTeX/texmf-dist/tex/latex/mdwtools/footnote.sty
Package: footnote 1997/01/28 1.13 Save footnotes around boxes
\fn@notes=\box69
\fn@width=\dimen191
)
\cslhangindent=\skip67
\csllabelwidth=\skip68
\cslentryspacingunit=\skip69
(/Users/ree140/Library/TinyTeX/texmf-dist/tex/latex/setspace/setspace.sty
Package: setspace 2011/12/19 v6.7a set line spacing
) (/Users/ree140/Library/TinyTeX/texmf-dist/tex/latex/float/float.sty
Package: float 2001/11/08 v1.3d Float enhancements (AL)
\c@float@type=\count315
\float@exts=\toks32
\float@box=\box70
\@float@everytoks=\toks33
\@floatcapt=\box71
) (/Users/ree140/Library/TinyTeX/texmf-dist/tex/latex/pdflscape/pdflscape.sty
Package: pdflscape 2019/12/05 v0.12 Display of landscape pages in PDF (HO)
(/Users/ree140/Library/TinyTeX/texmf-dist/tex/latex/graphics/lscape.sty
Package: lscape 2020/05/28 v3.02 Landscape Pages (DPC)
)
Package pdflscape Info: Auto-detected driver: pdftex on input line 81.
) (/Users/ree140/Library/TinyTeX/texmf-dist/tex/latex/multirow/multirow.sty
Package: multirow 2021/03/15 v2.8 Span multiple rows of a table
\multirow@colwidth=\skip70
\multirow@cntb=\count316
\multirow@dima=\skip71
\bigstrutjot=\dimen192
) (/Users/ree140/Library/TinyTeX/texmf-dist/tex/latex/wrapfig/wrapfig.sty
\wrapoverhang=\dimen193
\WF@size=\dimen194
\c@WF@wrappedlines=\count317
\WF@box=\box72
\WF@everypar=\toks34
Package: wrapfig 2003/01/31  v 3.6
) (/Users/ree140/Library/TinyTeX/texmf-dist/tex/latex/colortbl/colortbl.sty
Package: colortbl 2022/06/20 v1.0f Color table columns (DPC)
(/Users/ree140/Library/TinyTeX/texmf-dist/tex/latex/graphics/color.sty
Package: color 2022/01/06 v1.3d Standard LaTeX Color (DPC)
(/Users/ree140/Library/TinyTeX/texmf-dist/tex/latex/graphics-cfg/color.cfg
File: color.cfg 2016/01/02 v1.6 sample color configuration
)
Package color Info: Driver file: pdftex.def on input line 149.
(/Users/ree140/Library/TinyTeX/texmf-dist/tex/latex/graphics/mathcolor.ltx))
\everycr=\toks35
\minrowclearance=\skip72
\rownum=\count318
) (/Users/ree140/Library/TinyTeX/texmf-dist/tex/latex/tabu/tabu.sty
Package: tabu 2019/01/11 v2.9 - flexible LaTeX tabulars (FC+tabu-fixed)
(/Users/ree140/Library/TinyTeX/texmf-dist/tex/latex/varwidth/varwidth.sty
Package: varwidth 2009/03/30 ver 0.92;  Variable-width minipages
\@vwid@box=\box73
\sift@deathcycles=\count319
\@vwid@loff=\dimen195
\@vwid@roff=\dimen196
)
\c@taburow=\count320
\tabu@nbcols=\count321
\tabu@cnt=\count322
\tabu@Xcol=\count323
\tabu@alloc=\count324
\tabu@nested=\count325
\tabu@target=\dimen197
\tabu@spreadtarget=\dimen198
\tabu@naturalX=\dimen199
\tabucolX=\dimen256
\tabu@Xsum=\dimen257
\extrarowdepth=\dimen258
\abovetabulinesep=\dimen259
\belowtabulinesep=\dimen260
\tabustrutrule=\dimen261
\tabu@thebody=\toks36
\tabu@footnotes=\toks37
\tabu@box=\box74
\tabu@arstrutbox=\box75
\tabu@hleads=\box76
\tabu@vleads=\box77
\tabu@cellskip=\skip73
) (/Users/ree140/Library/TinyTeX/texmf-dist/tex/latex/threeparttable/threeparttable.sty
Package: threeparttable 2003/06/13  v 3.0
\@tempboxb=\box78
) (/Users/ree140/Library/TinyTeX/texmf-dist/tex/latex/threeparttablex/threeparttablex.sty
Package: threeparttablex 2013/07/23 v0.3 by daleif
(/Users/ree140/Library/TinyTeX/texmf-dist/tex/latex/environ/environ.sty
Package: environ 2014/05/04 v0.3 A new way to define environments
(/Users/ree140/Library/TinyTeX/texmf-dist/tex/latex/trimspaces/trimspaces.sty
Package: trimspaces 2009/09/17 v1.1 Trim spaces around a token list
))
\TPTL@width=\skip74
) (/Users/ree140/Library/TinyTeX/texmf-dist/tex/generic/ulem/ulem.sty
\UL@box=\box79
\UL@hyphenbox=\box80
\UL@skip=\skip75
\UL@hook=\toks38
\UL@height=\dimen262
\UL@pe=\count326
\UL@pixel=\dimen263
\ULC@box=\box81
Package: ulem 2019/11/18
\ULdepth=\dimen264
) (/Users/ree140/Library/TinyTeX/texmf-dist/tex/latex/makecell/makecell.sty
Package: makecell 2009/08/03 V0.1e Managing of Tab Column Heads and Cells
\rotheadsize=\dimen265
\c@nlinenum=\count327
\TeXr@lab=\toks39
) (/Users/ree140/Library/TinyTeX/texmf-dist/tex/latex/xcolor/xcolor.sty
Package: xcolor 2022/06/12 v2.14 LaTeX color extensions (UK)
(/Users/ree140/Library/TinyTeX/texmf-dist/tex/latex/graphics-cfg/color.cfg
File: color.cfg 2016/01/02 v1.6 sample color configuration
)
Package xcolor Info: Driver file: pdftex.def on input line 227.
LaTeX Info: Redefining \color on input line 711.
(/Users/ree140/Library/TinyTeX/texmf-dist/tex/latex/graphics/mathcolor.ltx)
Package xcolor Info: Model `cmy' substituted by `cmy0' on input line 1353.
Package xcolor Info: Model `hsb' substituted by `rgb' on input line 1357.
Package xcolor Info: Model `RGB' extended on input line 1369.
Package xcolor Info: Model `HTML' substituted by `rgb' on input line 1371.
Package xcolor Info: Model `Hsb' substituted by `hsb' on input line 1372.
Package xcolor Info: Model `tHsb' substituted by `hsb' on input line 1373.
Package xcolor Info: Model `HSB' substituted by `hsb' on input line 1374.
Package xcolor Info: Model `Gray' substituted by `gray' on input line 1375.
Package xcolor Info: Model `wave' substituted by `hsb' on input line 1376.
)
LaTeX Font Info:    Trying to load font information for T1+lmr on input line 125.
(/Users/ree140/Library/TinyTeX/texmf-dist/tex/latex/lm/t1lmr.fd
File: t1lmr.fd 2015/05/01 v1.6.1 Font defs for Latin Modern
) (./manuscript.aux)
\openout1 = `manuscript.aux'.

LaTeX Font Info:    Checking defaults for OML/cmm/m/it on input line 125.
LaTeX Font Info:    ... okay on input line 125.
LaTeX Font Info:    Checking defaults for OMS/cmsy/m/n on input line 125.
LaTeX Font Info:    ... okay on input line 125.
LaTeX Font Info:    Checking defaults for OT1/cmr/m/n on input line 125.
LaTeX Font Info:    ... okay on input line 125.
LaTeX Font Info:    Checking defaults for T1/cmr/m/n on input line 125.
LaTeX Font Info:    ... okay on input line 125.
LaTeX Font Info:    Checking defaults for TS1/cmr/m/n on input line 125.
LaTeX Font Info:    ... okay on input line 125.
LaTeX Font Info:    Checking defaults for OMX/cmex/m/n on input line 125.
LaTeX Font Info:    ... okay on input line 125.
LaTeX Font Info:    Checking defaults for U/cmr/m/n on input line 125.
LaTeX Font Info:    ... okay on input line 125.
LaTeX Font Info:    Checking defaults for PD1/pdf/m/n on input line 125.
LaTeX Font Info:    ... okay on input line 125.
LaTeX Font Info:    Checking defaults for PU/pdf/m/n on input line 125.
LaTeX Font Info:    ... okay on input line 125.
(/Users/ree140/Library/TinyTeX/texmf-dist/tex/latex/epstopdf-pkg/epstopdf-base.sty
Package: epstopdf-base 2020-01-24 v2.11 Base part for package epstopdf
Package epstopdf-base Info: Redefining graphics rule for `.eps' on input line 485.
(/Users/ree140/Library/TinyTeX/texmf-dist/tex/latex/latexconfig/epstopdf-sys.cfg
File: epstopdf-sys.cfg 2010/07/13 v1.3 Configuration of (r)epstopdf for TeX Live
))
*geometry* driver: auto-detecting
*geometry* detected driver: pdftex
*geometry* verbose mode - [ preamble ] result:
* driver: pdftex
* paper: custom
* layout: <same size as paper>
* layoutoffset:(h,v)=(0.0pt,0.0pt)
* hratio: 1:1
* vratio: 1:1
* modes: 
* h-part:(L,W,R)=(64.75394pt, 468.0pt, 64.75394pt)
* v-part:(T,H,B)=(111.52342pt, 622.0pt, 111.52342pt)
* \paperwidth=597.50787pt
* \paperheight=845.04684pt
* \textwidth=468.0pt
* \textheight=622.0pt
* \oddsidemargin=-7.51605pt
* \evensidemargin=-7.51605pt
* \topmargin=-22.74657pt
* \headheight=50.0pt
* \headsep=12.0pt
* \topskip=10.0pt
* \footskip=18.0pt
* \marginparwidth=65.0pt
* \marginparsep=11.0pt
* \columnsep=24.0pt
* \skip\footins=24.0pt plus 2.0pt minus 12.0pt
* \hoffset=0.0pt
* \voffset=0.0pt
* \mag=1000
* \@twocolumnfalse
* \@twosidefalse
* \@mparswitchfalse
* \@reversemarginfalse
* (1in=72.27pt=25.4mm, 1cm=28.453pt)

LaTeX Info: Redefining \microtypecontext on input line 125.
Package microtype Info: Applying patch `item' on input line 125.
Package microtype Info: Applying patch `toc' on input line 125.
Package microtype Info: Applying patch `eqnum' on input line 125.

Package microtype Warning: Unable to apply patch `footnote' on input line 125.

Package microtype Info: Generating PDF output.
Package microtype Info: Character protrusion enabled (level 2).
Package microtype Info: Using default protrusion set `alltext'.
Package microtype Info: Automatic font expansion enabled (level 2),
(microtype)             stretch: 20, shrink: 20, step: 1, non-selected.
Package microtype Info: Using default expansion set `alltext-nott'.
LaTeX Info: Redefining \showhyphens on input line 125.
Package microtype Info: No adjustment of tracking.
Package microtype Info: No adjustment of interword spacing.
Package microtype Info: No adjustment of character kerning.
(/Users/ree140/Library/TinyTeX/texmf-dist/tex/latex/microtype/mt-cmr.cfg
File: mt-cmr.cfg 2013/05/19 v2.2 microtype config. file: Computer Modern Roman (RS)
)
Package hyperref Info: Link coloring OFF on input line 125.
(./manuscript.out) (./manuscript.out)
\@outlinefile=\write4
\openout4 = `manuscript.out'.

LaTeX Font Info:    Trying to load font information for T1+lmss on input line 158.
(/Users/ree140/Library/TinyTeX/texmf-dist/tex/latex/lm/t1lmss.fd
File: t1lmss.fd 2015/05/01 v1.6.1 Font defs for Latin Modern
)
Package microtype Info: Loading generic protrusion settings for font family
(microtype)             `lmss' (encoding: T1).
(microtype)             For optimal results, create family-specific settings.
(microtype)             See the microtype manual for details.
LaTeX Font Info:    Trying to load font information for OT1+lmr on input line 158.
(/Users/ree140/Library/TinyTeX/texmf-dist/tex/latex/lm/ot1lmr.fd
File: ot1lmr.fd 2015/05/01 v1.6.1 Font defs for Latin Modern
)
LaTeX Font Info:    Trying to load font information for OML+lmm on input line 158.
(/Users/ree140/Library/TinyTeX/texmf-dist/tex/latex/lm/omllmm.fd
File: omllmm.fd 2015/05/01 v1.6.1 Font defs for Latin Modern
)
LaTeX Font Info:    Trying to load font information for OMS+lmsy on input line 158.
(/Users/ree140/Library/TinyTeX/texmf-dist/tex/latex/lm/omslmsy.fd
File: omslmsy.fd 2015/05/01 v1.6.1 Font defs for Latin Modern
)
LaTeX Font Info:    Trying to load font information for OMX+lmex on input line 158.
(/Users/ree140/Library/TinyTeX/texmf-dist/tex/latex/lm/omxlmex.fd
File: omxlmex.fd 2015/05/01 v1.6.1 Font defs for Latin Modern
)
LaTeX Font Info:    External font `lmex10' loaded for size
(Font)              <10> on input line 158.
LaTeX Font Info:    External font `lmex10' loaded for size
(Font)              <7> on input line 158.
LaTeX Font Info:    External font `lmex10' loaded for size
(Font)              <5> on input line 158.
LaTeX Font Info:    Trying to load font information for U+msa on input line 158.
(/Users/ree140/Library/TinyTeX/texmf-dist/tex/latex/amsfonts/umsa.fd
File: umsa.fd 2013/01/14 v3.01 AMS symbols A
) (/Users/ree140/Library/TinyTeX/texmf-dist/tex/latex/microtype/mt-msa.cfg
File: mt-msa.cfg 2006/02/04 v1.1 microtype config. file: AMS symbols (a) (RS)
)
LaTeX Font Info:    Trying to load font information for U+msb on input line 158.
(/Users/ree140/Library/TinyTeX/texmf-dist/tex/latex/amsfonts/umsb.fd
File: umsb.fd 2013/01/14 v3.01 AMS symbols B
) (/Users/ree140/Library/TinyTeX/texmf-dist/tex/latex/microtype/mt-msb.cfg
File: mt-msb.cfg 2005/06/01 v1.0 microtype config. file: AMS symbols (b) (RS)
)
LaTeX Font Info:    External font `lmex10' loaded for size
(Font)              <8> on input line 158.
LaTeX Font Info:    External font `lmex10' loaded for size
(Font)              <6> on input line 158.
LaTeX Font Info:    Trying to load font information for T1+lmtt on input line 158.
(/Users/ree140/Library/TinyTeX/texmf-dist/tex/latex/lm/t1lmtt.fd
File: t1lmtt.fd 2015/05/01 v1.6.1 Font defs for Latin Modern
)
Package microtype Info: Loading generic protrusion settings for font family
(microtype)             `lmtt' (encoding: T1).
(microtype)             For optimal results, create family-specific settings.
(microtype)             See the microtype manual for details.

Overfull \hbox (2.22221pt too wide) has occurred while \output is active
[] 
 []

[1

{/Users/ree140/Library/TinyTeX/texmf-var/fonts/map/pdftex/updmap/pdftex.map}] [2] [3] [4] [5] [6] [7] [8] [9] [10] [11]
<../figs/fig1.png, id=219, 913.4125pt x 578.16pt>
File: ../figs/fig1.png Graphic file (type png)
<use ../figs/fig1.png>
Package pdftex.def Info: ../figs/fig1.png  used on input line 255.
(pdftex.def)             Requested size: 468.0pt x 296.2251pt.
[12
pdfTeX warning (ext4): destination with the same identifier (name{figure.1}) has been already used, duplicate ignored
<argument> ...shipout:D \box_use:N \l_shipout_box 
                                                  \__shipout_drop_firstpage_...
l.262 \newpage
               <../figs/fig1.png>] [13] [14] [15] [16
pdfTeX warning (ext4): destination with the same identifier (name{table.1}) has been already used, duplicate ignored
<argument> ...shipout:D \box_use:N \l_shipout_box 
                                                  \__shipout_drop_firstpage_...
l.342 \elandscape
                 ]
<../figs/fig2_600dpi.png, id=297, 5119.125pt x 5570.8125pt>
File: ../figs/fig2_600dpi.png Graphic file (type png)
<use ../figs/fig2_600dpi.png>
Package pdftex.def Info: ../figs/fig2_600dpi.png  used on input line 347.
(pdftex.def)             Requested size: 468.0pt x 509.25684pt.
[17



pdfTeX warning (ext4): destination with the same identifier (name{figure.2}) has been already used, duplicate ignored
<argument> ...shipout:D \box_use:N \l_shipout_box 
                                                  \__shipout_drop_firstpage_...
l.354 \newpage
               <../figs/fig2_600dpi.png>]
<../figs/glenelg_estimates_600dpi.png, id=303, 4998.675pt x 2710.125pt>
File: ../figs/glenelg_estimates_600dpi.png Graphic file (type png)
<use ../figs/glenelg_estimates_600dpi.png>
Package pdftex.def Info: ../figs/glenelg_estimates_600dpi.png  used on input line 358.
(pdftex.def)             Requested size: 468.0pt x 253.70142pt.
[18
pdfTeX warning (ext4): destination with the same identifier (name{figure.3}) has been already used, duplicate ignored
<argument> ...shipout:D \box_use:N \l_shipout_box 
                                                  \__shipout_drop_firstpage_...
l.365 \newpage
               <../figs/glenelg_estimates_600dpi.png>]
<../figs/otways_estimates_600dpi.png, id=309, 4998.675pt x 2710.125pt>
File: ../figs/otways_estimates_600dpi.png Graphic file (type png)
<use ../figs/otways_estimates_600dpi.png>
Package pdftex.def Info: ../figs/otways_estimates_600dpi.png  used on input line 369.
(pdftex.def)             Requested size: 468.0pt x 253.70142pt.
[19
pdfTeX warning (ext4): destination with the same identifier (name{figure.4}) has been already used, duplicate ignored
<argument> ...shipout:D \box_use:N \l_shipout_box 
                                                  \__shipout_drop_firstpage_...
l.376 \newpage
               <../figs/otways_estimates_600dpi.png>]
<../figs/foxD_600dpi.png, id=316, 3613.5pt x 2409.0pt>
File: ../figs/foxD_600dpi.png Graphic file (type png)
<use ../figs/foxD_600dpi.png>
Package pdftex.def Info: ../figs/foxD_600dpi.png  used on input line 380.
(pdftex.def)             Requested size: 468.0pt x 311.96797pt.
[20
pdfTeX warning (ext4): destination with the same identifier (name{figure.5}) has been already used, duplicate ignored
<argument> ...shipout:D \box_use:N \l_shipout_box 
                                                  \__shipout_drop_firstpage_...
l.387 \newpage
               <../figs/foxD_600dpi.png>]
<../figs/foxDet_otways_600dpi.png, id=322, 4998.675pt x 3011.25pt>
File: ../figs/foxDet_otways_600dpi.png Graphic file (type png)
<use ../figs/foxDet_otways_600dpi.png>
Package pdftex.def Info: ../figs/foxDet_otways_600dpi.png  used on input line 391.
(pdftex.def)             Requested size: 468.0pt x 281.89046pt.
[21
pdfTeX warning (ext4): destination with the same identifier (name{figure.6}) has been already used, duplicate ignored
<argument> ...shipout:D \box_use:N \l_shipout_box 
                                                  \__shipout_drop_firstpage_...
l.398 \newpage
               <../figs/foxDet_otways_600dpi.png>] [22] [23] [24] [25] [26] [27] [28] [29] [30] [31] [32] [33]
pdfTeX warning (ext4): destination with the same identifier (name{page.1}) has been already used, duplicate ignored
<to be read again> 
                   \relax 
l.715 \newpage
               [1]
<../figs/density-camop-1.pdf, id=714, 469.755pt x 325.215pt>
File: ../figs/density-camop-1.pdf Graphic file (type pdf)
<use ../figs/density-camop-1.pdf>
Package pdftex.def Info: ../figs/density-camop-1.pdf  used on input line 719.
(pdftex.def)             Requested size: 374.40143pt x 259.19972pt.

pdfTeX warning (ext4): destination with the same identifier (name{figure.1}) has been already used, duplicate ignored
<to be read again> 
                   \relax 
l.723 \caption
              {Camera-trap operation times in the Otway region, Australia. E...
pdfTeX warning (ext4): destination with the same identifier (name{figure.1}) has been already used, duplicate ignored
<to be read again> 
                   \relax 
l.723 ... of fox control in the impact landscape.}
                                                  \label{fig:density-camop}
pdfTeX warning (ext4): destination with the same identifier (name{figure.1}) has been already used, duplicate ignored
<to be read again> 
                   \relax 
l.723 ... of fox control in the impact landscape.}
                                                  \label{fig:density-camop}
pdfTeX warning (ext4): destination with the same identifier (name{page.2}) has been already used, duplicate ignored
<to be read again> 
                   \relax 
l.726 \newpage
               [2 <../figs/density-camop-1.pdf>]
pdfTeX warning (ext4): destination with the same identifier (name{table.1}) has been already used, duplicate ignored
<to be read again> 
                   \relax 
l.730 \begin{longtable}[t]{llr}
                               
pdfTeX warning (ext4): destination with the same identifier (name{page.3}) has been already used, duplicate ignored
<to be read again> 
                   \relax 
l.756 \newpage
               [3]
<../figs/camtrap1.jpg, id=730, 1027.84pt x 770.88pt>
File: ../figs/camtrap1.jpg Graphic file (type jpg)
<use ../figs/camtrap1.jpg>
Package pdftex.def Info: ../figs/camtrap1.jpg  used on input line 760.
(pdftex.def)             Requested size: 374.40143pt x 280.79837pt.

pdfTeX warning (ext4): destination with the same identifier (name{figure.2}) has been already used, duplicate ignored
<to be read again> 
                   \relax 
l.764 \caption
              {Example of a typical camera-trap set-up in the Otway region, ...
pdfTeX warning (ext4): destination with the same identifier (name{figure.2}) has been already used, duplicate ignored
<to be read again> 
                   \relax 
l.764 ...p set-up in the Otway region, Australia.}
                                                  \label{fig:density-cam-photo}
pdfTeX warning (ext4): destination with the same identifier (name{page.4}) has been already used, duplicate ignored
<to be read again> 
                   \relax 
l.767 \newpage
               [4 <../figs/camtrap1.jpg>]
pdfTeX warning (ext4): destination with the same identifier (name{page.5}) has been already used, duplicate ignored
<to be read again> 
                   \relax 
l.781 
       [5]
pdfTeX warning (ext4): destination with the same identifier (name{page.6}) has been already used, duplicate ignored
<to be read again> 
                   \relax 
l.786 \newpage
               [6]
<../figs/cat_coats.jpg, id=743, 3854.4pt x 3252.15pt>
File: ../figs/cat_coats.jpg Graphic file (type jpg)
<use ../figs/cat_coats.jpg>
Package pdftex.def Info: ../figs/cat_coats.jpg  used on input line 790.
(pdftex.def)             Requested size: 374.40143pt x 315.85516pt.

pdfTeX warning (ext4): destination with the same identifier (name{figure.3}) has been already used, duplicate ignored
<to be read again> 
                   \relax 
l.794 \caption
              {Feral cat coat categories from left-right, top-bottom: macker...
pdfTeX warning (ext4): destination with the same identifier (name{figure.3}) has been already used, duplicate ignored
<to be read again> 
                   \relax 
l.794 ..., ginger and ginger with infrared flash.}
                                                  \label{fig:density-cat-photo}
pdfTeX warning (ext4): destination with the same identifier (name{figure.3}) has been already used, duplicate ignored
<to be read again> 
                   \relax 
l.794 ..., ginger and ginger with infrared flash.}
                                                  \label{fig:density-cat-photo}
pdfTeX warning (ext4): destination with the same identifier (name{page.7}) has been already used, duplicate ignored
<to be read again> 
                   \relax 
l.797 \newpage
               [7 <../figs/cat_coats.jpg>]
<../figs/density-plot-ch-1-1.pdf, id=747, 469.755pt x 325.215pt>
File: ../figs/density-plot-ch-1-1.pdf Graphic file (type pdf)
<use ../figs/density-plot-ch-1-1.pdf>
Package pdftex.def Info: ../figs/density-plot-ch-1-1.pdf  used on input line 816.
(pdftex.def)             Requested size: 374.40143pt x 259.19972pt.

pdfTeX warning (ext4): destination with the same identifier (name{figure.4}) has been already used, duplicate ignored
<to be read again> 
                   \relax 
l.820 \caption
              {Feral cat detections in the first replicate grid pair in the ...
pdfTeX warning (ext4): destination with the same identifier (name{figure.4}) has been already used, duplicate ignored
<to be read again> 
                   \relax 
l.820 ...ct) but does in Cobboboonee (b; impact).}
                                                  \label{fig:density-plot-ch-1}
pdfTeX warning (ext4): destination with the same identifier (name{figure.4}) has been already used, duplicate ignored
<to be read again> 
                   \relax 
l.820 ...ct) but does in Cobboboonee (b; impact).}
                                                  \label{fig:density-plot-ch-1}
pdfTeX warning (ext4): destination with the same identifier (name{page.8}) has been already used, duplicate ignored
<to be read again> 
                   \relax 
l.823 \newpage
               [8 <../figs/density-plot-ch-1-1.pdf>]
<../figs/density-plot-ch-2-1.pdf, id=760, 469.755pt x 325.215pt>
File: ../figs/density-plot-ch-2-1.pdf Graphic file (type pdf)
<use ../figs/density-plot-ch-2-1.pdf>
Package pdftex.def Info: ../figs/density-plot-ch-2-1.pdf  used on input line 836.
(pdftex.def)             Requested size: 374.40143pt x 259.19972pt.

pdfTeX warning (ext4): destination with the same identifier (name{figure.5}) has been already used, duplicate ignored
<to be read again> 
                   \relax 
l.840 \caption
              {Feral cat detections in the second replicate grid pair in the...
pdfTeX warning (ext4): destination with the same identifier (name{figure.5}) has been already used, duplicate ignored
<to be read again> 
                   \relax 
l.840 ...impact) but does in Mt Clay (b; impact).}
                                                  \label{fig:density-plot-ch-2}
pdfTeX warning (ext4): destination with the same identifier (name{figure.5}) has been already used, duplicate ignored
<to be read again> 
                   \relax 
l.840 ...impact) but does in Mt Clay (b; impact).}
                                                  \label{fig:density-plot-ch-2}
pdfTeX warning (ext4): destination with the same identifier (name{page.9}) has been already used, duplicate ignored
<to be read again> 
                   \relax 
l.843 \newpage
               [9 <../figs/density-plot-ch-2-1.pdf>]
<../figs/density-plot-ch-3-1.pdf, id=771, 469.755pt x 325.215pt>
File: ../figs/density-plot-ch-3-1.pdf Graphic file (type pdf)
<use ../figs/density-plot-ch-3-1.pdf>
Package pdftex.def Info: ../figs/density-plot-ch-3-1.pdf  used on input line 856.
(pdftex.def)             Requested size: 374.40143pt x 259.19972pt.

pdfTeX warning (ext4): destination with the same identifier (name{figure.6}) has been already used, duplicate ignored
<to be read again> 
                   \relax 
l.860 \caption
              {Feral cat detections in the third replicate grid pair in the ...
pdfTeX warning (ext4): destination with the same identifier (name{figure.6}) has been already used, duplicate ignored
<to be read again> 
                   \relax 
l.860 ... impact) of Lower Glenelg National Park.}
                                                  \label{fig:density-plot-ch-3}
pdfTeX warning (ext4): destination with the same identifier (name{figure.6}) has been already used, duplicate ignored
<to be read again> 
                   \relax 
l.860 ... impact) of Lower Glenelg National Park.}
                                                  \label{fig:density-plot-ch-3}
pdfTeX warning (ext4): destination with the same identifier (name{page.10}) has been already used, duplicate ignored
<to be read again> 
                   \relax 
l.863 \newpage
               [10 <../figs/density-plot-ch-3-1.pdf>]
<../figs/density-plot-ch-4-1.pdf, id=783, 469.755pt x 325.215pt>
File: ../figs/density-plot-ch-4-1.pdf Graphic file (type pdf)
<use ../figs/density-plot-ch-4-1.pdf>
Package pdftex.def Info: ../figs/density-plot-ch-4-1.pdf  used on input line 879.
(pdftex.def)             Requested size: 374.40143pt x 259.19972pt.

pdfTeX warning (ext4): destination with the same identifier (name{page.11}) has been already used, duplicate ignored
<to be read again> 
                   \relax 
l.886 \newpage
               [11
pdfTeX warning (ext4): destination with the same identifier (name{figure.7}) has been already used, duplicate ignored
<argument> ...shipout:D \box_use:N \l_shipout_box 
                                                  \__shipout_drop_firstpage_...
l.886 \newpage
               <../figs/density-plot-ch-4-1.pdf>]
<../figs/density-plot-ch-5-1.pdf, id=796, 469.755pt x 325.215pt>
File: ../figs/density-plot-ch-5-1.pdf Graphic file (type pdf)
<use ../figs/density-plot-ch-5-1.pdf>
Package pdftex.def Info: ../figs/density-plot-ch-5-1.pdf  used on input line 899.
(pdftex.def)             Requested size: 374.40143pt x 259.19972pt.

pdfTeX warning (ext4): destination with the same identifier (name{page.12}) has been already used, duplicate ignored
<to be read again> 
                   \relax 
l.906 \newpage
               [12
pdfTeX warning (ext4): destination with the same identifier (name{figure.8}) has been already used, duplicate ignored
<argument> ...shipout:D \box_use:N \l_shipout_box 
                                                  \__shipout_drop_firstpage_...
l.906 \newpage
               <../figs/density-plot-ch-5-1.pdf>]
<../figs/density-plot-ch-6-1.pdf, id=808, 469.755pt x 325.215pt>
File: ../figs/density-plot-ch-6-1.pdf Graphic file (type pdf)
<use ../figs/density-plot-ch-6-1.pdf>
Package pdftex.def Info: ../figs/density-plot-ch-6-1.pdf  used on input line 919.
(pdftex.def)             Requested size: 374.40143pt x 259.19972pt.

pdfTeX warning (ext4): destination with the same identifier (name{page.13}) has been already used, duplicate ignored
<to be read again> 
                   \relax 
l.926 \newpage
               [13
pdfTeX warning (ext4): destination with the same identifier (name{figure.9}) has been already used, duplicate ignored
<argument> ...shipout:D \box_use:N \l_shipout_box 
                                                  \__shipout_drop_firstpage_...
l.926 \newpage
               <../figs/density-plot-ch-6-1.pdf>]
<../figs/fox_occ_se_glenelg_600dpi.png, id=820, 5119.125pt x 3011.25pt>
File: ../figs/fox_occ_se_glenelg_600dpi.png Graphic file (type png)
<use ../figs/fox_occ_se_glenelg_600dpi.png>
Package pdftex.def Info: ../figs/fox_occ_se_glenelg_600dpi.png  used on input line 936.
(pdftex.def)             Requested size: 374.40143pt x 220.22836pt.

pdfTeX warning (ext4): destination with the same identifier (name{page.14}) has been already used, duplicate ignored
<to be read again> 
                   \relax 
l.943 \newpage
               [14
pdfTeX warning (ext4): destination with the same identifier (name{figure.10}) has been already used, duplicate ignored
<argument> ...shipout:D \box_use:N \l_shipout_box 
                                                  \__shipout_drop_firstpage_...
l.943 \newpage
               <../figs/fox_occ_se_glenelg_600dpi.png>]
<../figs/fox_occ_se_otways_600dpi.png, id=828, 5119.125pt x 2559.5625pt>
File: ../figs/fox_occ_se_otways_600dpi.png Graphic file (type png)
<use ../figs/fox_occ_se_otways_600dpi.png>
Package pdftex.def Info: ../figs/fox_occ_se_otways_600dpi.png  used on input line 950.
(pdftex.def)             Requested size: 374.40143pt x 187.1941pt.

pdfTeX warning (ext4): destination with the same identifier (name{page.15}) has been already used, duplicate ignored
<to be read again> 
                   \relax 
l.957 \newpage
               [15
pdfTeX warning (ext4): destination with the same identifier (name{figure.11}) has been already used, duplicate ignored
<argument> ...shipout:D \box_use:N \l_shipout_box 
                                                  \__shipout_drop_firstpage_...
l.957 \newpage
               <../figs/fox_occ_se_otways_600dpi.png>]
pdfTeX warning (ext4): destination with the same identifier (name{page.16}) has been already used, duplicate ignored
<to be read again> 
                   \relax 
l.966 \newpage
               [16]
<../figs/density-veg-1.pdf, id=840, 469.755pt x 325.215pt>
File: ../figs/density-veg-1.pdf Graphic file (type pdf)
<use ../figs/density-veg-1.pdf>
Package pdftex.def Info: ../figs/density-veg-1.pdf  used on input line 970.
(pdftex.def)             Requested size: 374.40143pt x 259.19972pt.

pdfTeX warning (ext4): destination with the same identifier (name{page.17}) has been already used, duplicate ignored
<to be read again> 
                   \relax 
l.977 \newpage
               [17
pdfTeX warning (ext4): destination with the same identifier (name{figure.12}) has been already used, duplicate ignored
<argument> ...shipout:D \box_use:N \l_shipout_box 
                                                  \__shipout_drop_firstpage_...
l.977 \newpage
               <../figs/density-veg-1.pdf>]
pdfTeX warning (ext4): destination with the same identifier (name{page.18}) has been already used, duplicate ignored
<to be read again> 
                   \relax 
l.1002 \newpage
                [18]
pdfTeX warning (ext4): destination with the same identifier (name{page.19}) has been already used, duplicate ignored
<to be read again> 
                   \relax 
l.1024 \newpage
                [19]
pdfTeX warning (ext4): destination with the same identifier (name{page.20}) has been already used, duplicate ignored
<to be read again> 
                   \relax 
l.1045 \newpage
                [20]
pdfTeX warning (ext4): destination with the same identifier (name{page.21}) has been already used, duplicate ignored
<to be read again> 
                   \relax 
l.1072 \newpage
                [21]
pdfTeX warning (ext4): destination with the same identifier (name{page.22}) has been already used, duplicate ignored
<to be read again> 
                   \relax 
l.1092 \newpage
                [22]
pdfTeX warning (ext4): destination with the same identifier (name{page.23}) has been already used, duplicate ignored
<to be read again> 
                   \relax 
l.1114 \newpage
                [23]
pdfTeX warning (ext4): destination with the same identifier (name{page.24}) has been already used, duplicate ignored
<to be read again> 
                   \relax 
l.1141 \newpage
                [24]
pdfTeX warning (ext4): destination with the same identifier (name{page.25}) has been already used, duplicate ignored
<to be read again> 
                   \relax 
l.1162 \newpage
                [25]
Overfull \hbox (28.05647pt too wide) in alignment at lines 1166--1186
 [] [] [] [] [] [] [] 
 []


pdfTeX warning (ext4): destination with the same identifier (name{page.26}) has been already used, duplicate ignored
<to be read again> 
                   \relax 
l.1189 \newpage
                [26]
pdfTeX warning (ext4): destination with the same identifier (name{page.27}) has been already used, duplicate ignored
<to be read again> 
                   \relax 
l.1210 \end{document}
                      [27] (./manuscript.aux)
Package rerunfilecheck Info: File `manuscript.out' has not changed.
(rerunfilecheck)             Checksum: 556D376C20954E2D86ABF459D68771C2;4540.
 ) 
Here is how much of TeX's memory you used:
 16382 strings out of 477035
 265765 string characters out of 5827464
 653395 words of memory out of 5000000
 36718 multiletter control sequences out of 15000+600000
 539798 words of font info for 195 fonts, out of 8000000 for 9000
 14 hyphenation exceptions out of 8191
 72i,11n,77p,2151b,500s stack positions out of 10000i,1000n,20000p,200000b,200000s
{/Users/ree140/Library/TinyTeX/texmf-dist/fonts/enc/dvips/lm/lm-ec.enc}{/Users/ree140/Library/TinyTeX/texmf-dist/fonts/enc/dvips/lm/lm-mathsy.enc}</Users/ree140/Library/TinyTeX/texmf-dist/fonts/type1/public/lm/lmbx10.pfb></Users/ree140/Library/TinyTeX/texmf-dist/fonts/type1/public/lm/lmr10.pfb></Users/ree140/Library/TinyTeX/texmf-dist/fonts/type1/public/lm/lmr12.pfb></Users/ree140/Library/TinyTeX/texmf-dist/fonts/type1/public/lm/lmr6.pfb></Users/ree140/Library/TinyTeX/texmf-dist/fonts/type1/public/lm/lmr7.pfb></Users/ree140/Library/TinyTeX/texmf-dist/fonts/type1/public/lm/lmr8.pfb></Users/ree140/Library/TinyTeX/texmf-dist/fonts/type1/public/lm/lmri10.pfb></Users/ree140/Library/TinyTeX/texmf-dist/fonts/type1/public/lm/lmri7.pfb></Users/ree140/Library/TinyTeX/texmf-dist/fonts/type1/public/lm/lmri8.pfb></Users/ree140/Library/TinyTeX/texmf-dist/fonts/type1/public/lm/lmss8.pfb></Users/ree140/Library/TinyTeX/texmf-dist/fonts/type1/public/lm/lmsy6.pfb></Users/ree140/Library/TinyTeX/texmf-dist/fonts/type1/public/lm/lmtt10.pfb></Users/ree140/Library/TinyTeX/texmf-dist/fonts/type1/public/lm/lmtt8.pfb>
Output written on manuscript.pdf (60 pages, 9760689 bytes).
PDF statistics:
 997 PDF objects out of 1000 (max. 8388607)
 866 compressed objects within 9 object streams
 228 named destinations out of 1000 (max. 500000)
 34131 words of extra memory for PDF output out of 35830 (max. 10000000)

